<?xml version="1.0" encoding="UTF-8"?>
<testsuite xmlns:xsi="http://www.w3.org/2001/XMLSchema-instance" xsi:noNamespaceSchemaLocation="https://maven.apache.org/surefire/maven-surefire-plugin/xsd/surefire-test-report-3.0.xsd" version="3.0" name="com.acasa.BusinessManager.BusinessManagerApplicationTests" time="19.225" tests="1" errors="0" skipped="0" failures="0">
  <properties>
[...]
</properties>
  <testcase name="contextLoads" classname="com.acasa.BusinessManager.BusinessManagerApplicationTests" time="2.201">
    <system-out><![CDATA[18:26:56.166 [main] INFO org.springframework.test.context.support.AnnotationConfigContextLoaderUtils -- Could not detect default configuration classes for test class [com.acasa.BusinessManager.BusinessManagerApplicationTests]: BusinessManagerApplicationTests does not declare any static, non-private, non-final, nested classes annotated with @Configuration.
18:26:56.329 [main] INFO org.springframework.boot.test.context.SpringBootTestContextBootstrapper -- Found @SpringBootConfiguration com.acasa.BusinessManager.BusinessManagerApplication for test class com.acasa.BusinessManager.BusinessManagerApplicationTests
18:26:56.620 [main] INFO org.springframework.boot.devtools.restart.RestartApplicationListener -- Restart disabled due to context in which it is running

  .   ____          _            __ _ _
 /\\ / ___'_ __ _ _(_)_ __  __ _ \ \ \ \
( ( )\___ | '_ | '_| | '_ \/ _` | \ \ \ \
 \\/  ___)| |_)| | | | | || (_| |  ) ) ) )
  '  |____| .__|_| |_|_| |_\__, | / / / /
 =========|_|==============|___/=/_/_/_/
 :: Spring Boot ::                (v3.2.0)

2024-02-23T18:26:57.108+08:00  INFO 18292 --- [           main] c.a.B.BusinessManagerApplicationTests    : Starting BusinessManagerApplicationTests using Java 17.0.3 with PID 18292 (started by EROXAS in D:\Desktop\Acasa\Business-Manager\Business-Manager)
2024-02-23T18:26:57.113+08:00  INFO 18292 --- [           main] c.a.B.BusinessManagerApplicationTests    : No active profile set, falling back to 1 default profile: "default"
2024-02-23T18:26:58.154+08:00  INFO 18292 --- [           main] .s.d.r.c.RepositoryConfigurationDelegate : Bootstrapping Spring Data JPA repositories in DEFAULT mode.
2024-02-23T18:26:58.284+08:00  INFO 18292 --- [           main] .s.d.r.c.RepositoryConfigurationDelegate : Finished Spring Data repository scanning in 113 ms. Found 6 JPA repository interfaces.
2024-02-23T18:26:58.859+08:00  INFO 18292 --- [           main] o.hibernate.jpa.internal.util.LogHelper  : HHH000204: Processing PersistenceUnitInfo [name: default]
2024-02-23T18:26:58.924+08:00  INFO 18292 --- [           main] org.hibernate.Version                    : HHH000412: Hibernate ORM core version 6.3.1.Final
2024-02-23T18:26:58.965+08:00  INFO 18292 --- [           main] o.h.c.internal.RegionFactoryInitiator    : HHH000026: Second-level cache disabled
2024-02-23T18:26:59.391+08:00  INFO 18292 --- [           main] o.s.o.j.p.SpringPersistenceUnitInfo      : No LoadTimeWeaver setup: ignoring JPA class transformer
2024-02-23T18:26:59.433+08:00  INFO 18292 --- [           main] com.zaxxer.hikari.HikariDataSource       : HikariPool-1 - Starting...
2024-02-23T18:27:03.409+08:00  INFO 18292 --- [           main] com.zaxxer.hikari.pool.HikariPool        : HikariPool-1 - Added connection org.postgresql.jdbc.PgConnection@5f6a8efe
2024-02-23T18:27:03.412+08:00  INFO 18292 --- [           main] com.zaxxer.hikari.HikariDataSource       : HikariPool-1 - Start completed.
2024-02-23T18:27:03.669+08:00  WARN 18292 --- [           main] org.hibernate.orm.deprecation            : HHH90000025: PostgreSQLDialect does not need to be specified explicitly using 'hibernate.dialect' (remove the property setting and it will be selected by default)
2024-02-23T18:27:05.439+08:00  INFO 18292 --- [           main] o.h.e.t.j.p.i.JtaPlatformInitiator       : HHH000489: No JTA platform available (set 'hibernate.transaction.jta.platform' to enable JTA platform integration)
2024-02-23T18:27:11.361+08:00  INFO 18292 --- [           main] j.LocalContainerEntityManagerFactoryBean : Initialized JPA EntityManagerFactory for persistence unit 'default'
2024-02-23T18:27:11.768+08:00  INFO 18292 --- [           main] o.s.d.j.r.query.QueryEnhancerFactory     : Hibernate is in classpath; If applicable, HQL parser will be used.
2024-02-23T18:27:12.509+08:00  WARN 18292 --- [           main] JpaBaseConfiguration$JpaWebConfiguration : spring.jpa.open-in-view is enabled by default. Therefore, database queries may be performed during view rendering. Explicitly configure spring.jpa.open-in-view to disable this warning
2024-02-23T18:27:12.975+08:00  INFO 18292 --- [           main] c.a.B.BusinessManagerApplicationTests    : Started BusinessManagerApplicationTests in 16.377 seconds (process running for 17.709)
]]></system-out>
  </testcase>
</testsuite>